C:\Program Files (x86)\MSBuild\Microsoft.Cpp\v4.0\V140\Microsoft.CppBuild.targets(392,5): warning MSB8028: The intermediate directory (Debug\) contains files shared from another project (CppWinForm1.vcxproj).  This can lead to incorrect clean and rebuild behavior.
  MyForm.cpp
c:\users\накуренныйволшебник\documents\visual studio 2015\projects\cppwinform1\cppwinform1\Random.h(29): warning C4244: =: преобразование "time_t" в "unsigned int", возможна потеря данных
c:\users\накуренныйволшебник\documents\visual studio 2015\projects\cppwinform1\cppwinform1\Random.h(43): warning C4018: <: несоответствие типов со знаком и без знака
c:\users\накуренныйволшебник\documents\visual studio 2015\projects\cppwinform1\cppwinform1\Random.h(37): warning C4996: 'itoa': The POSIX name for this item is deprecated. Instead, use the ISO C and C++ conformant name: _itoa. See online help for details.
  C:\Program Files (x86)\Windows Kits\10\Include\10.0.10240.0\ucrt\stdlib.h(1316): note:  см. объявление "itoa"
c:\users\накуренныйволшебник\documents\visual studio 2015\projects\cppwinform1\cppwinform1\Random.h(41): warning C4996: 'itoa': The POSIX name for this item is deprecated. Instead, use the ISO C and C++ conformant name: _itoa. See online help for details.
  C:\Program Files (x86)\Windows Kits\10\Include\10.0.10240.0\ucrt\stdlib.h(1316): note:  см. объявление "itoa"
c:\users\накуренныйволшебник\documents\visual studio 2015\projects\cppwinform1\cppwinform1\Miller.h(15): warning C4018: <: несоответствие типов со знаком и без знака
c:\users\накуренныйволшебник\documents\visual studio 2015\projects\cppwinform1\cppwinform1\GSD.h(32): warning C4554: &: проверьте порядок применения операторов на наличие ошибки; для четкого задания порядка используйте скобки
c:\users\накуренныйволшебник\documents\visual studio 2015\projects\cppwinform1\cppwinform1\Key.h(5): warning C4101: y: неиспользованная локальная переменная
c:\users\накуренныйволшебник\documents\visual studio 2015\projects\cppwinform1\cppwinform1\RSA.h(27): warning C4996: 'fopen': This function or variable may be unsafe. Consider using fopen_s instead. To disable deprecation, use _CRT_SECURE_NO_WARNINGS. See online help for details.
  C:\Program Files (x86)\Windows Kits\10\Include\10.0.10240.0\ucrt\stdio.h(205): note:  см. объявление "fopen"
c:\users\накуренныйволшебник\documents\visual studio 2015\projects\cppwinform1\cppwinform1\RSA.h(28): warning C4996: 'fopen': This function or variable may be unsafe. Consider using fopen_s instead. To disable deprecation, use _CRT_SECURE_NO_WARNINGS. See online help for details.
  C:\Program Files (x86)\Windows Kits\10\Include\10.0.10240.0\ucrt\stdio.h(205): note:  см. объявление "fopen"
c:\users\накуренныйволшебник\documents\visual studio 2015\projects\cppwinform1\cppwinform1\RSA.h(29): warning C4996: 'filelength': The POSIX name for this item is deprecated. Instead, use the ISO C and C++ conformant name: _filelength. See online help for details.
  C:\Program Files (x86)\Windows Kits\10\Include\10.0.10240.0\ucrt\corecrt_io.h(484): note:  см. объявление "filelength"
c:\users\накуренныйволшебник\documents\visual studio 2015\projects\cppwinform1\cppwinform1\RSA.h(70): warning C4996: 'fopen': This function or variable may be unsafe. Consider using fopen_s instead. To disable deprecation, use _CRT_SECURE_NO_WARNINGS. See online help for details.
  C:\Program Files (x86)\Windows Kits\10\Include\10.0.10240.0\ucrt\stdio.h(205): note:  см. объявление "fopen"
c:\users\накуренныйволшебник\documents\visual studio 2015\projects\cppwinform1\cppwinform1\RSA.h(71): warning C4996: 'fopen': This function or variable may be unsafe. Consider using fopen_s instead. To disable deprecation, use _CRT_SECURE_NO_WARNINGS. See online help for details.
  C:\Program Files (x86)\Windows Kits\10\Include\10.0.10240.0\ucrt\stdio.h(205): note:  см. объявление "fopen"
c:\users\накуренныйволшебник\documents\visual studio 2015\projects\cppwinform1\cppwinform1\RSA.h(72): warning C4996: 'filelength': The POSIX name for this item is deprecated. Instead, use the ISO C and C++ conformant name: _filelength. See online help for details.
  C:\Program Files (x86)\Windows Kits\10\Include\10.0.10240.0\ucrt\corecrt_io.h(484): note:  см. объявление "filelength"
c:\users\накуренныйволшебник\documents\visual studio 2015\projects\cppwinform1\cppwinform1\RSA.h(102): warning C4996: 'filelength': The POSIX name for this item is deprecated. Instead, use the ISO C and C++ conformant name: _filelength. See online help for details.
  C:\Program Files (x86)\Windows Kits\10\Include\10.0.10240.0\ucrt\corecrt_io.h(484): note:  см. объявление "filelength"
c:\users\накуренныйволшебник\documents\visual studio 2015\projects\cppwinform1\cppwinform1\key.h(6): warning C4700: использована неинициализированная локальная переменная "p"
  CppWinForm1.vcxproj -> C:\Users\НакуренныйВолшебник\Documents\Visual Studio 2015\Projects\CppWinForm1\Debug\RSA.exe
  CppWinForm1.vcxproj -> C:\Users\НакуренныйВолшебник\Documents\Visual Studio 2015\Projects\CppWinForm1\Debug\RSA.pdb (Full PDB)
