c:\users\накуренныйволшебник\documents\visual studio 2015\projects\cppwinform1\cppwinform1\debug\vc140.pdb
c:\users\накуренныйволшебник\documents\visual studio 2015\projects\cppwinform1\cppwinform1\debug\.netframework,version=v4.5.2.assemblyattributes.obj
c:\users\накуренныйволшебник\documents\visual studio 2015\projects\cppwinform1\cppwinform1\debug\.netframework,version=v4.5.2.assemblyattributes.asm
c:\users\накуренныйволшебник\documents\visual studio 2015\projects\cppwinform1\cppwinform1\debug\myform.obj
c:\users\накуренныйволшебник\documents\visual studio 2015\projects\cppwinform1\debug\rsa.exe
c:\users\накуренныйволшебник\documents\visual studio 2015\projects\cppwinform1\debug\rsa.pdb
c:\users\накуренныйволшебник\documents\visual studio 2015\projects\cppwinform1\cppwinform1\debug\cppwinform1.myform.resources
c:\users\накуренныйволшебник\documents\visual studio 2015\projects\cppwinform1\cppwinform1\debug\cppwinform1.vcxproj.generateresource.cache
c:\users\накуренныйволшебник\documents\visual studio 2015\projects\cppwinform1\cppwinform1\debug\cppwinform1.vcxprojresolveassemblyreference.cache
c:\users\накуренныйволшебник\documents\visual studio 2015\projects\cppwinform1\cppwinform1\debug\myform.nativecodeanalysis.xml
c:\users\накуренныйволшебник\documents\visual studio 2015\projects\cppwinform1\cppwinform1\debug\rsa.tlog\cl.command.1.tlog
c:\users\накуренныйволшебник\documents\visual studio 2015\projects\cppwinform1\cppwinform1\debug\rsa.tlog\cl.read.1.tlog
c:\users\накуренныйволшебник\documents\visual studio 2015\projects\cppwinform1\cppwinform1\debug\rsa.tlog\cl.write.1.tlog
c:\users\накуренныйволшебник\documents\visual studio 2015\projects\cppwinform1\cppwinform1\debug\rsa.tlog\link.command.1.tlog
c:\users\накуренныйволшебник\documents\visual studio 2015\projects\cppwinform1\cppwinform1\debug\rsa.tlog\link.read.1.tlog
c:\users\накуренныйволшебник\documents\visual studio 2015\projects\cppwinform1\cppwinform1\debug\rsa.tlog\link.write.1.tlog
c:\users\накуренныйволшебник\documents\visual studio 2015\projects\cppwinform1\cppwinform1\debug\rsa.tlog\metagen.read.1.tlog
c:\users\накуренныйволшебник\documents\visual studio 2015\projects\cppwinform1\cppwinform1\debug\rsa.tlog\metagen.write.1.tlog
c:\users\накуренныйволшебник\documents\visual studio 2015\projects\cppwinform1\cppwinform1\debug\rsa.tlog\rsa.write.1u.tlog
c:\users\накуренныйволшебник\documents\visual studio 2015\projects\cppwinform1\cppwinform1\debug\rsa.tlog\rsaenh.dll.bi
c:\users\накуренныйволшебник\documents\visual studio 2015\projects\cppwinform1\cppwinform1\debug\rsa.tlog\tzres.dll.bi
